2020-12-15 13:43:24 -  - exec CUpdateClientPartner::__CollectRequestData
2020-12-15 13:43:24 -  - exec CUpdateClientPartner::GetHTTPPage
2020-12-15 13:43:25 -  - exec CUpdateClientPartner::ParseServerData
2020-12-15 13:43:25 -  - exec CUpdateClientPartner::GetUpdatesList
2020-12-15 13:43:25 -  - exec CUpdateClientPartner::__CollectRequestData
2020-12-15 13:43:25 -  - utf=Y&lang=ru&stable=Y&CANGZIP=Y&SUPD_DBS=MYSQL&XE=N&CLIENT_SITE=bitrix&LICENSE_KEY=X&SUPD_STS=1&SUPD_URS=0&SUPD_URSA=1&TYPENC=D&CLIENT_PHPVER=7.1.33&NGINX=Y&dbv=10.3.22&instm=main%2C20.200.300%2CY%3Babtest%2C20.5.0%2CN%3Bb24connector%2C20.5.0%2CN%3Bbitrix.eshop%2C20.5.0%2CN%3Bbitrix.sitecorporate%2C15.5.0%2CN%3Bbitrixcloud%2C20.5.0%2CN%3Bblog%2C20.100.100%2CN%3Bcatalog%2C20.0.500%2CN%3Bclouds%2C20.100.0%2CN%3Bconversion%2C20.5.0%2CN%3Bcurrency%2C20.5.0%2CN%3Bfileman%2C20.5.0%2CN%3Bform%2C20.100.0%2CN%3Bforum%2C20.5.0%2CN%3Bhighloadblock%2C20.100.0%2CN%3Biblock%2C20.0.1150%2CN%3Blanding%2C20.4.850%2CN%3Bmessageservice%2C20.100.0%2CN%3Bmobileapp%2C20.5.0%2CN%3Bperfmon%2C20.100.0%2CN%3Bphotogallery%2C20.5.0%2CN%3Bpull%2C20.5.300%2CN%3Breport%2C20.200.0%2CN%3Brest%2C20.50.150%2CN%3Bsale%2C20.5.43%2CN%3Bscale%2C20.5.0%2CN%3Bsearch%2C20.5.0%2CN%3Bsecurity%2C20.200.0%2CN%3Bsender%2C20.100.0%2CN%3Bseo%2C20.0.400%2CN%3Bsocialservices%2C20.0.500%2CN%3Bstoreassist%2C18.1.0%2CN%3Bsubscribe%2C20.5.0%2CN%3Btranslate%2C20.100.0%2CN%3Bui%2C20.5.887%2CN%3Bvote%2C20.100.100%2CN&reqm=bitrix.eshop%2Cbitrix.sitecorporate&fullmoduleinfo=Y&SUPD_SRS=RU&SUPD_CMP=N
2020-12-15 13:43:25 -  - exec CUpdateClientPartner::GetHTTPPage
2020-12-15 13:43:25 -  - TIME GetUpdatesList(request) 0.377 sec
2020-12-15 13:43:25 -  - exec CUpdateClientPartner::ParseServerData
2020-12-15 13:43:25 -  - exec CUpdateClientPartner::__CollectRequestData
2020-12-15 13:43:25 -  - exec CUpdateClientPartner::GetHTTPPage
2020-12-15 13:43:25 -  - exec CUpdateClientPartner::ParseServerData
2020-12-16 13:43:34 -  - exec CUpdateClientPartner::__CollectRequestData
2020-12-16 13:43:34 -  - exec CUpdateClientPartner::GetHTTPPage
2020-12-16 13:43:34 -  - exec CUpdateClientPartner::ParseServerData
2020-12-16 13:43:34 -  - exec CUpdateClientPartner::GetUpdatesList
2020-12-16 13:43:34 -  - exec CUpdateClientPartner::__CollectRequestData
2020-12-16 13:43:34 -  - utf=Y&lang=ru&stable=Y&CANGZIP=Y&SUPD_DBS=MYSQL&XE=N&CLIENT_SITE=bitrix&LICENSE_KEY=X&SUPD_STS=1&SUPD_URS=0&SUPD_URSA=1&TYPENC=D&CLIENT_PHPVER=7.1.33&NGINX=Y&dbv=10.3.22&instm=main%2C20.200.300%2CY%3Babtest%2C20.5.0%2CN%3Bb24connector%2C20.5.0%2CN%3Bbitrix.eshop%2C20.5.0%2CN%3Bbitrix.sitecorporate%2C15.5.0%2CN%3Bbitrixcloud%2C20.5.0%2CN%3Bblog%2C20.100.100%2CN%3Bcatalog%2C20.0.500%2CN%3Bclouds%2C20.100.0%2CN%3Bconversion%2C20.5.0%2CN%3Bcurrency%2C20.5.0%2CN%3Bfileman%2C20.5.0%2CN%3Bform%2C20.100.0%2CN%3Bforum%2C20.5.0%2CN%3Bhighloadblock%2C20.100.0%2CN%3Biblock%2C20.0.1150%2CN%3Blanding%2C20.4.850%2CN%3Bmessageservice%2C20.100.0%2CN%3Bmobileapp%2C20.5.0%2CN%3Bperfmon%2C20.100.0%2CN%3Bphotogallery%2C20.5.0%2CN%3Bpull%2C20.5.300%2CN%3Breport%2C20.200.0%2CN%3Brest%2C20.50.150%2CN%3Bsale%2C20.5.43%2CN%3Bscale%2C20.5.0%2CN%3Bsearch%2C20.5.0%2CN%3Bsecurity%2C20.200.0%2CN%3Bsender%2C20.100.0%2CN%3Bseo%2C20.0.400%2CN%3Bsocialservices%2C20.0.500%2CN%3Bstoreassist%2C18.1.0%2CN%3Bsubscribe%2C20.5.0%2CN%3Btranslate%2C20.100.0%2CN%3Bui%2C20.5.887%2CN%3Bvote%2C20.100.100%2CN&reqm=bitrix.eshop%2Cbitrix.sitecorporate&fullmoduleinfo=Y&SUPD_SRS=RU&SUPD_CMP=N
2020-12-16 13:43:34 -  - exec CUpdateClientPartner::GetHTTPPage
2020-12-16 13:43:34 -  - TIME GetUpdatesList(request) 0.355 sec
2020-12-16 13:43:34 -  - exec CUpdateClientPartner::ParseServerData
2020-12-16 13:43:34 -  - exec CUpdateClientPartner::__CollectRequestData
2020-12-16 13:43:34 -  - exec CUpdateClientPartner::GetHTTPPage
2020-12-16 13:43:35 -  - exec CUpdateClientPartner::ParseServerData
2020-12-17 13:49:36 -  - exec CUpdateClientPartner::__CollectRequestData
2020-12-17 13:49:36 -  - exec CUpdateClientPartner::GetHTTPPage
2020-12-17 13:49:37 -  - exec CUpdateClientPartner::ParseServerData
2020-12-17 13:49:37 -  - exec CUpdateClientPartner::GetUpdatesList
2020-12-17 13:49:37 -  - exec CUpdateClientPartner::__CollectRequestData
2020-12-17 13:49:37 -  - utf=Y&lang=ru&stable=Y&CANGZIP=Y&SUPD_DBS=MYSQL&XE=N&CLIENT_SITE=bitrix&LICENSE_KEY=X&SUPD_STS=1&SUPD_URS=0&SUPD_URSA=1&TYPENC=D&CLIENT_PHPVER=7.1.33&NGINX=Y&dbv=10.3.22&instm=main%2C20.200.300%2CY%3Babtest%2C20.5.0%2CN%3Bb24connector%2C20.5.0%2CN%3Bbitrix.eshop%2C20.5.0%2CN%3Bbitrix.sitecorporate%2C15.5.0%2CN%3Bbitrixcloud%2C20.5.0%2CN%3Bblog%2C20.100.100%2CN%3Bcatalog%2C20.0.500%2CN%3Bclouds%2C20.100.0%2CN%3Bconversion%2C20.5.0%2CN%3Bcurrency%2C20.5.0%2CN%3Bfileman%2C20.5.0%2CN%3Bform%2C20.100.0%2CN%3Bforum%2C20.5.0%2CN%3Bhighloadblock%2C20.100.0%2CN%3Biblock%2C20.0.1150%2CN%3Blanding%2C20.4.850%2CN%3Bmessageservice%2C20.100.0%2CN%3Bmobileapp%2C20.5.0%2CN%3Bperfmon%2C20.100.0%2CN%3Bphotogallery%2C20.5.0%2CN%3Bpull%2C20.5.300%2CN%3Breport%2C20.200.0%2CN%3Brest%2C20.50.150%2CN%3Bsale%2C20.5.43%2CN%3Bscale%2C20.5.0%2CN%3Bsearch%2C20.5.0%2CN%3Bsecurity%2C20.200.0%2CN%3Bsender%2C20.100.0%2CN%3Bseo%2C20.0.400%2CN%3Bsocialservices%2C20.0.500%2CN%3Bstoreassist%2C18.1.0%2CN%3Bsubscribe%2C20.5.0%2CN%3Btranslate%2C20.100.0%2CN%3Bui%2C20.5.887%2CN%3Bvote%2C20.100.100%2CN&reqm=bitrix.eshop%2Cbitrix.sitecorporate&fullmoduleinfo=Y&SUPD_SRS=RU&SUPD_CMP=N
2020-12-17 13:49:37 -  - exec CUpdateClientPartner::GetHTTPPage
2020-12-17 13:49:37 -  - TIME GetUpdatesList(request) 0.283 sec
2020-12-17 13:49:37 -  - exec CUpdateClientPartner::ParseServerData
2020-12-17 13:49:37 -  - exec CUpdateClientPartner::__CollectRequestData
2020-12-17 13:49:37 -  - exec CUpdateClientPartner::GetHTTPPage
2020-12-17 13:49:37 -  - exec CUpdateClientPartner::ParseServerData
2020-12-18 13:49:53 -  - exec CUpdateClientPartner::__CollectRequestData
2020-12-18 13:49:53 -  - exec CUpdateClientPartner::GetHTTPPage
2020-12-18 13:49:54 -  - exec CUpdateClientPartner::ParseServerData
2020-12-18 13:49:54 -  - exec CUpdateClientPartner::GetUpdatesList
2020-12-18 13:49:54 -  - exec CUpdateClientPartner::__CollectRequestData
2020-12-18 13:49:54 -  - utf=Y&lang=ru&stable=Y&CANGZIP=Y&SUPD_DBS=MYSQL&XE=N&CLIENT_SITE=bitrix&LICENSE_KEY=X&SUPD_STS=1&SUPD_URS=0&SUPD_URSA=1&TYPENC=D&CLIENT_PHPVER=7.1.33&NGINX=Y&dbv=10.3.22&instm=main%2C20.200.300%2CY%3Babtest%2C20.5.0%2CN%3Bb24connector%2C20.5.0%2CN%3Bbitrix.eshop%2C20.5.0%2CN%3Bbitrix.sitecorporate%2C15.5.0%2CN%3Bbitrixcloud%2C20.5.0%2CN%3Bblog%2C20.100.100%2CN%3Bcatalog%2C20.0.500%2CN%3Bclouds%2C20.100.0%2CN%3Bconversion%2C20.5.0%2CN%3Bcurrency%2C20.5.0%2CN%3Bfileman%2C20.5.0%2CN%3Bform%2C20.100.0%2CN%3Bforum%2C20.5.0%2CN%3Bhighloadblock%2C20.100.0%2CN%3Biblock%2C20.0.1150%2CN%3Blanding%2C20.4.850%2CN%3Bmessageservice%2C20.100.0%2CN%3Bmobileapp%2C20.5.0%2CN%3Bperfmon%2C20.100.0%2CN%3Bphotogallery%2C20.5.0%2CN%3Bpull%2C20.5.300%2CN%3Breport%2C20.200.0%2CN%3Brest%2C20.50.150%2CN%3Bsale%2C20.5.43%2CN%3Bscale%2C20.5.0%2CN%3Bsearch%2C20.5.0%2CN%3Bsecurity%2C20.200.0%2CN%3Bsender%2C20.100.0%2CN%3Bseo%2C20.0.400%2CN%3Bsocialservices%2C20.0.500%2CN%3Bstoreassist%2C18.1.0%2CN%3Bsubscribe%2C20.5.0%2CN%3Btranslate%2C20.100.0%2CN%3Bui%2C20.5.887%2CN%3Bvote%2C20.100.100%2CN&reqm=bitrix.eshop%2Cbitrix.sitecorporate&fullmoduleinfo=Y&SUPD_SRS=RU&SUPD_CMP=N
2020-12-18 13:49:54 -  - exec CUpdateClientPartner::GetHTTPPage
2020-12-18 13:49:54 -  - TIME GetUpdatesList(request) 0.325 sec
2020-12-18 13:49:54 -  - exec CUpdateClientPartner::ParseServerData
2020-12-18 13:49:54 -  - exec CUpdateClientPartner::__CollectRequestData
2020-12-18 13:49:54 -  - exec CUpdateClientPartner::GetHTTPPage
2020-12-18 13:49:54 -  - exec CUpdateClientPartner::ParseServerData
2020-12-18 13:49:56 -  - exec CUpdateClientPartner::__CollectRequestData
2020-12-18 13:49:56 -  - exec CUpdateClientPartner::GetHTTPPage
2020-12-18 13:49:57 -  - exec CUpdateClientPartner::ParseServerData
2020-12-18 13:49:57 -  - exec CUpdateClientPartner::GetUpdatesList
2020-12-18 13:49:57 -  - exec CUpdateClientPartner::__CollectRequestData
2020-12-18 13:49:57 -  - utf=Y&lang=ru&stable=Y&CANGZIP=Y&SUPD_DBS=MYSQL&XE=N&CLIENT_SITE=bitrix&LICENSE_KEY=X&SUPD_STS=1&SUPD_URS=0&SUPD_URSA=1&TYPENC=D&CLIENT_PHPVER=7.1.33&NGINX=Y&dbv=10.3.22&instm=main%2C20.200.300%2CY%3Babtest%2C20.5.0%2CN%3Bb24connector%2C20.5.0%2CN%3Bbitrix.eshop%2C20.5.0%2CN%3Bbitrix.sitecorporate%2C15.5.0%2CN%3Bbitrixcloud%2C20.5.0%2CN%3Bblog%2C20.100.100%2CN%3Bcatalog%2C20.0.500%2CN%3Bclouds%2C20.100.0%2CN%3Bconversion%2C20.5.0%2CN%3Bcurrency%2C20.5.0%2CN%3Bfileman%2C20.5.0%2CN%3Bform%2C20.100.0%2CN%3Bforum%2C20.5.0%2CN%3Bhighloadblock%2C20.100.0%2CN%3Biblock%2C20.0.1150%2CN%3Blanding%2C20.4.850%2CN%3Bmessageservice%2C20.100.0%2CN%3Bmobileapp%2C20.5.0%2CN%3Bperfmon%2C20.100.0%2CN%3Bphotogallery%2C20.5.0%2CN%3Bpull%2C20.5.300%2CN%3Breport%2C20.200.0%2CN%3Brest%2C20.50.150%2CN%3Bsale%2C20.5.43%2CN%3Bscale%2C20.5.0%2CN%3Bsearch%2C20.5.0%2CN%3Bsecurity%2C20.200.0%2CN%3Bsender%2C20.100.0%2CN%3Bseo%2C20.0.400%2CN%3Bsocialservices%2C20.0.500%2CN%3Bstoreassist%2C18.1.0%2CN%3Bsubscribe%2C20.5.0%2CN%3Btranslate%2C20.100.0%2CN%3Bui%2C20.5.887%2CN%3Bvote%2C20.100.100%2CN&reqm=bitrix.eshop%2Cbitrix.sitecorporate&fullmoduleinfo=Y&SUPD_SRS=RU&SUPD_CMP=N
2020-12-18 13:49:57 -  - exec CUpdateClientPartner::GetHTTPPage
2020-12-18 13:49:57 -  - TIME GetUpdatesList(request) 0.378 sec
2020-12-18 13:49:57 -  - exec CUpdateClientPartner::ParseServerData
2020-12-18 13:49:57 -  - exec CUpdateClientPartner::__CollectRequestData
2020-12-18 13:49:57 -  - exec CUpdateClientPartner::GetHTTPPage
2020-12-18 13:49:57 -  - exec CUpdateClientPartner::ParseServerData
2020-12-21 10:18:24 -  - exec CUpdateClientPartner::__CollectRequestData
2020-12-21 10:18:24 -  - exec CUpdateClientPartner::GetHTTPPage
2020-12-21 10:18:25 -  - exec CUpdateClientPartner::ParseServerData
2020-12-21 10:18:25 -  - exec CUpdateClientPartner::GetUpdatesList
2020-12-21 10:18:25 -  - exec CUpdateClientPartner::__CollectRequestData
2020-12-21 10:18:25 -  - utf=Y&lang=ru&stable=Y&CANGZIP=Y&SUPD_DBS=MYSQL&XE=N&CLIENT_SITE=bitrix.loc&LICENSE_KEY=X&SUPD_STS=1&SUPD_URS=0&SUPD_URSA=1&TYPENC=D&CLIENT_PHPVER=7.1.33&NGINX=Y&dbv=10.3.22&instm=main%2C20.200.300%2CY%3Babtest%2C20.5.0%2CN%3Bb24connector%2C20.5.0%2CN%3Bbitrix.eshop%2C20.5.0%2CN%3Bbitrix.sitecorporate%2C15.5.0%2CN%3Bbitrixcloud%2C20.5.0%2CN%3Bblog%2C20.100.100%2CN%3Bcatalog%2C20.0.500%2CN%3Bclouds%2C20.100.0%2CN%3Bconversion%2C20.5.0%2CN%3Bcurrency%2C20.5.0%2CN%3Bfileman%2C20.5.0%2CN%3Bform%2C20.100.0%2CN%3Bforum%2C20.5.0%2CN%3Bhighloadblock%2C20.100.0%2CN%3Biblock%2C20.0.1150%2CN%3Blanding%2C20.4.850%2CN%3Bmessageservice%2C20.100.0%2CN%3Bmobileapp%2C20.5.0%2CN%3Bperfmon%2C20.100.0%2CN%3Bphotogallery%2C20.5.0%2CN%3Bpull%2C20.5.300%2CN%3Breport%2C20.200.0%2CN%3Brest%2C20.50.150%2CN%3Bsale%2C20.5.43%2CN%3Bscale%2C20.5.0%2CN%3Bsearch%2C20.5.0%2CN%3Bsecurity%2C20.200.0%2CN%3Bsender%2C20.100.0%2CN%3Bseo%2C20.0.400%2CN%3Bsocialservices%2C20.0.500%2CN%3Bstoreassist%2C18.1.0%2CN%3Bsubscribe%2C20.5.0%2CN%3Btranslate%2C20.100.0%2CN%3Bui%2C20.5.887%2CN%3Bvote%2C20.100.100%2CN&reqm=bitrix.eshop%2Cbitrix.sitecorporate&fullmoduleinfo=Y&SUPD_SRS=RU&SUPD_CMP=N
2020-12-21 10:18:25 -  - exec CUpdateClientPartner::GetHTTPPage
2020-12-21 10:18:25 -  - TIME GetUpdatesList(request) 0.422 sec
2020-12-21 10:18:25 -  - exec CUpdateClientPartner::ParseServerData
2020-12-21 10:18:25 -  - exec CUpdateClientPartner::__CollectRequestData
2020-12-21 10:18:25 -  - exec CUpdateClientPartner::GetHTTPPage
2020-12-21 10:18:25 -  - exec CUpdateClientPartner::ParseServerData
2020-12-22 12:46:40 -  - exec CUpdateClientPartner::__CollectRequestData
2020-12-22 12:46:40 -  - exec CUpdateClientPartner::GetHTTPPage
2020-12-22 12:46:41 -  - exec CUpdateClientPartner::ParseServerData
2020-12-22 12:46:41 -  - exec CUpdateClientPartner::GetUpdatesList
2020-12-22 12:46:41 -  - exec CUpdateClientPartner::__CollectRequestData
2020-12-22 12:46:41 -  - utf=Y&lang=ru&stable=Y&CANGZIP=Y&SUPD_DBS=MYSQL&XE=N&CLIENT_SITE=bitrix.loc&LICENSE_KEY=X&SUPD_STS=1&SUPD_URS=0&SUPD_URSA=1&TYPENC=D&CLIENT_PHPVER=7.1.33&NGINX=Y&dbv=10.3.22&instm=main%2C20.200.300%2CY%3Babtest%2C20.5.0%2CN%3Bb24connector%2C20.5.0%2CN%3Bbitrix.eshop%2C20.5.0%2CN%3Bbitrix.sitecorporate%2C15.5.0%2CN%3Bbitrixcloud%2C20.5.0%2CN%3Bblog%2C20.100.100%2CN%3Bcatalog%2C20.0.500%2CN%3Bclouds%2C20.100.0%2CN%3Bconversion%2C20.5.0%2CN%3Bcurrency%2C20.5.0%2CN%3Bfileman%2C20.5.0%2CN%3Bform%2C20.100.0%2CN%3Bforum%2C20.5.0%2CN%3Bhighloadblock%2C20.100.0%2CN%3Biblock%2C20.0.1150%2CN%3Blanding%2C20.4.850%2CN%3Bmessageservice%2C20.100.0%2CN%3Bmobileapp%2C20.5.0%2CN%3Bperfmon%2C20.100.0%2CN%3Bphotogallery%2C20.5.0%2CN%3Bpull%2C20.5.300%2CN%3Breport%2C20.200.0%2CN%3Brest%2C20.50.150%2CN%3Bsale%2C20.5.43%2CN%3Bscale%2C20.5.0%2CN%3Bsearch%2C20.5.0%2CN%3Bsecurity%2C20.200.0%2CN%3Bsender%2C20.100.0%2CN%3Bseo%2C20.0.400%2CN%3Bsocialservices%2C20.0.500%2CN%3Bstoreassist%2C18.1.0%2CN%3Bsubscribe%2C20.5.0%2CN%3Btranslate%2C20.100.0%2CN%3Bui%2C20.5.887%2CN%3Bvote%2C20.100.100%2CN&reqm=bitrix.eshop%2Cbitrix.sitecorporate&fullmoduleinfo=Y&SUPD_SRS=RU&SUPD_CMP=N
2020-12-22 12:46:41 -  - exec CUpdateClientPartner::GetHTTPPage
2020-12-22 12:46:42 -  - TIME GetUpdatesList(request) 0.79 sec
2020-12-22 12:46:42 -  - exec CUpdateClientPartner::ParseServerData
2020-12-22 12:46:42 -  - exec CUpdateClientPartner::__CollectRequestData
2020-12-22 12:46:42 -  - exec CUpdateClientPartner::GetHTTPPage
2020-12-22 12:46:42 -  - exec CUpdateClientPartner::ParseServerData
2020-12-23 13:22:50 -  - exec CUpdateClientPartner::__CollectRequestData
2020-12-23 13:22:50 -  - exec CUpdateClientPartner::GetHTTPPage
2020-12-23 13:22:51 -  - exec CUpdateClientPartner::ParseServerData
2020-12-23 13:22:51 -  - exec CUpdateClientPartner::GetUpdatesList
2020-12-23 13:22:51 -  - exec CUpdateClientPartner::__CollectRequestData
2020-12-23 13:22:51 -  - utf=Y&lang=ru&stable=Y&CANGZIP=Y&SUPD_DBS=MYSQL&XE=N&CLIENT_SITE=bitrix.loc&LICENSE_KEY=X&SUPD_STS=1&SUPD_URS=0&SUPD_URSA=1&TYPENC=D&CLIENT_PHPVER=7.1.33&NGINX=Y&dbv=10.3.22&instm=main%2C20.200.300%2CY%3Babtest%2C20.5.0%2CN%3Bb24connector%2C20.5.0%2CN%3Bbitrix.eshop%2C20.5.0%2CN%3Bbitrix.sitecorporate%2C15.5.0%2CN%3Bbitrixcloud%2C20.5.0%2CN%3Bblog%2C20.100.100%2CN%3Bcatalog%2C20.0.500%2CN%3Bclouds%2C20.100.0%2CN%3Bconversion%2C20.5.0%2CN%3Bcurrency%2C20.5.0%2CN%3Bfileman%2C20.5.0%2CN%3Bform%2C20.100.0%2CN%3Bforum%2C20.5.0%2CN%3Bhighloadblock%2C20.100.0%2CN%3Biblock%2C20.0.1150%2CN%3Blanding%2C20.4.850%2CN%3Bmessageservice%2C20.100.0%2CN%3Bmobileapp%2C20.5.0%2CN%3Bperfmon%2C20.100.0%2CN%3Bphotogallery%2C20.5.0%2CN%3Bpull%2C20.5.300%2CN%3Breport%2C20.200.0%2CN%3Brest%2C20.50.150%2CN%3Bsale%2C20.5.43%2CN%3Bscale%2C20.5.0%2CN%3Bsearch%2C20.5.0%2CN%3Bsecurity%2C20.200.0%2CN%3Bsender%2C20.100.0%2CN%3Bseo%2C20.0.400%2CN%3Bsocialservices%2C20.0.500%2CN%3Bstoreassist%2C18.1.0%2CN%3Bsubscribe%2C20.5.0%2CN%3Btranslate%2C20.100.0%2CN%3Bui%2C20.5.887%2CN%3Bvote%2C20.100.100%2CN&reqm=bitrix.eshop%2Cbitrix.sitecorporate&fullmoduleinfo=Y&SUPD_SRS=RU&SUPD_CMP=N
2020-12-23 13:22:51 -  - exec CUpdateClientPartner::GetHTTPPage
2020-12-23 13:22:51 -  - TIME GetUpdatesList(request) 0.417 sec
2020-12-23 13:22:51 -  - exec CUpdateClientPartner::ParseServerData
2020-12-23 13:22:51 -  - exec CUpdateClientPartner::__CollectRequestData
2020-12-23 13:22:51 -  - exec CUpdateClientPartner::GetHTTPPage
2020-12-23 13:22:51 -  - exec CUpdateClientPartner::ParseServerData
2020-12-24 13:23:31 -  - exec CUpdateClientPartner::__CollectRequestData
2020-12-24 13:23:31 -  - exec CUpdateClientPartner::GetHTTPPage
2020-12-24 13:23:32 -  - exec CUpdateClientPartner::ParseServerData
2020-12-24 13:23:32 -  - exec CUpdateClientPartner::GetUpdatesList
2020-12-24 13:23:32 -  - exec CUpdateClientPartner::__CollectRequestData
2020-12-24 13:23:32 -  - utf=Y&lang=ru&stable=Y&CANGZIP=Y&SUPD_DBS=MYSQL&XE=N&CLIENT_SITE=bitrix.loc&LICENSE_KEY=X&SUPD_STS=1&SUPD_URS=0&SUPD_URSA=1&TYPENC=D&CLIENT_PHPVER=7.1.33&NGINX=Y&dbv=10.3.22&instm=main%2C20.200.300%2CY%3Babtest%2C20.5.0%2CN%3Bb24connector%2C20.5.0%2CN%3Bbitrix.eshop%2C20.5.0%2CN%3Bbitrix.sitecorporate%2C15.5.0%2CN%3Bbitrixcloud%2C20.5.0%2CN%3Bblog%2C20.100.100%2CN%3Bcatalog%2C20.0.500%2CN%3Bclouds%2C20.100.0%2CN%3Bconversion%2C20.5.0%2CN%3Bcurrency%2C20.5.0%2CN%3Bfileman%2C20.5.0%2CN%3Bform%2C20.100.0%2CN%3Bforum%2C20.5.0%2CN%3Bhighloadblock%2C20.100.0%2CN%3Biblock%2C20.0.1150%2CN%3Blanding%2C20.4.850%2CN%3Bmessageservice%2C20.100.0%2CN%3Bmobileapp%2C20.5.0%2CN%3Bperfmon%2C20.100.0%2CN%3Bphotogallery%2C20.5.0%2CN%3Bpull%2C20.5.300%2CN%3Breport%2C20.200.0%2CN%3Brest%2C20.50.150%2CN%3Bsale%2C20.5.43%2CN%3Bscale%2C20.5.0%2CN%3Bsearch%2C20.5.0%2CN%3Bsecurity%2C20.200.0%2CN%3Bsender%2C20.100.0%2CN%3Bseo%2C20.0.400%2CN%3Bsocialservices%2C20.0.500%2CN%3Bstoreassist%2C18.1.0%2CN%3Bsubscribe%2C20.5.0%2CN%3Btranslate%2C20.100.0%2CN%3Bui%2C20.5.887%2CN%3Bvote%2C20.100.100%2CN&reqm=bitrix.eshop%2Cbitrix.sitecorporate&fullmoduleinfo=Y&SUPD_SRS=RU&SUPD_CMP=N
2020-12-24 13:23:32 -  - exec CUpdateClientPartner::GetHTTPPage
2020-12-24 13:23:33 -  - TIME GetUpdatesList(request) 0.407 sec
2020-12-24 13:23:33 -  - exec CUpdateClientPartner::ParseServerData
2020-12-24 13:23:33 -  - exec CUpdateClientPartner::__CollectRequestData
2020-12-24 13:23:33 -  - exec CUpdateClientPartner::GetHTTPPage
2020-12-24 13:23:33 -  - exec CUpdateClientPartner::ParseServerData
2020-12-25 14:55:46 -  - exec CUpdateClientPartner::__CollectRequestData
2020-12-25 14:55:46 -  - exec CUpdateClientPartner::GetHTTPPage
2020-12-25 14:55:47 -  - exec CUpdateClientPartner::ParseServerData
2020-12-25 14:55:47 -  - exec CUpdateClientPartner::GetUpdatesList
2020-12-25 14:55:47 -  - exec CUpdateClientPartner::__CollectRequestData
2020-12-25 14:55:47 -  - utf=Y&lang=ru&stable=Y&CANGZIP=Y&SUPD_DBS=MYSQL&XE=N&CLIENT_SITE=bitrix.loc&LICENSE_KEY=X&SUPD_STS=1&SUPD_URS=0&SUPD_URSA=1&TYPENC=D&CLIENT_PHPVER=7.1.33&NGINX=Y&dbv=10.3.22&instm=main%2C20.200.300%2CY%3Babtest%2C20.5.0%2CN%3Bb24connector%2C20.5.0%2CN%3Bbitrix.eshop%2C20.5.0%2CN%3Bbitrix.sitecorporate%2C15.5.0%2CN%3Bbitrixcloud%2C20.5.0%2CN%3Bblog%2C20.100.100%2CN%3Bcatalog%2C20.0.500%2CN%3Bclouds%2C20.100.0%2CN%3Bconversion%2C20.5.0%2CN%3Bcurrency%2C20.5.0%2CN%3Bfileman%2C20.5.0%2CN%3Bform%2C20.100.0%2CN%3Bforum%2C20.5.0%2CN%3Bhighloadblock%2C20.100.0%2CN%3Biblock%2C20.0.1150%2CN%3Blanding%2C20.4.850%2CN%3Bmessageservice%2C20.100.0%2CN%3Bmobileapp%2C20.5.0%2CN%3Bperfmon%2C20.100.0%2CN%3Bphotogallery%2C20.5.0%2CN%3Bpull%2C20.5.300%2CN%3Breport%2C20.200.0%2CN%3Brest%2C20.50.150%2CN%3Bsale%2C20.5.43%2CN%3Bscale%2C20.5.0%2CN%3Bsearch%2C20.5.0%2CN%3Bsecurity%2C20.200.0%2CN%3Bsender%2C20.100.0%2CN%3Bseo%2C20.0.400%2CN%3Bsocialservices%2C20.0.500%2CN%3Bstoreassist%2C18.1.0%2CN%3Bsubscribe%2C20.5.0%2CN%3Btranslate%2C20.100.0%2CN%3Bui%2C20.5.887%2CN%3Bvote%2C20.100.100%2CN&reqm=bitrix.eshop%2Cbitrix.sitecorporate&fullmoduleinfo=Y&SUPD_SRS=RU&SUPD_CMP=N
2020-12-25 14:55:47 -  - exec CUpdateClientPartner::GetHTTPPage
2020-12-25 14:55:47 -  - TIME GetUpdatesList(request) 0.331 sec
2020-12-25 14:55:47 -  - exec CUpdateClientPartner::ParseServerData
2020-12-25 14:55:47 -  - exec CUpdateClientPartner::__CollectRequestData
2020-12-25 14:55:47 -  - exec CUpdateClientPartner::GetHTTPPage
2020-12-25 14:55:48 -  - exec CUpdateClientPartner::ParseServerData
2020-12-28 10:19:11 -  - exec CUpdateClientPartner::__CollectRequestData
2020-12-28 10:19:11 -  - exec CUpdateClientPartner::GetHTTPPage
2020-12-28 10:19:11 -  - exec CUpdateClientPartner::ParseServerData
2020-12-28 10:19:11 -  - exec CUpdateClientPartner::GetUpdatesList
2020-12-28 10:19:11 -  - exec CUpdateClientPartner::__CollectRequestData
2020-12-28 10:19:11 -  - utf=Y&lang=ru&stable=Y&CANGZIP=Y&SUPD_DBS=MYSQL&XE=N&CLIENT_SITE=bitrix.loc&LICENSE_KEY=X&SUPD_STS=1&SUPD_URS=0&SUPD_URSA=1&TYPENC=D&CLIENT_PHPVER=7.1.33&NGINX=Y&dbv=10.3.22&instm=main%2C20.200.300%2CY%3Babtest%2C20.5.0%2CN%3Bb24connector%2C20.5.0%2CN%3Bbitrix.eshop%2C20.5.0%2CN%3Bbitrix.sitecorporate%2C15.5.0%2CN%3Bbitrixcloud%2C20.5.0%2CN%3Bblog%2C20.100.100%2CN%3Bcatalog%2C20.0.500%2CN%3Bclouds%2C20.100.0%2CN%3Bconversion%2C20.5.0%2CN%3Bcurrency%2C20.5.0%2CN%3Bfileman%2C20.5.0%2CN%3Bform%2C20.100.0%2CN%3Bforum%2C20.5.0%2CN%3Bhighloadblock%2C20.100.0%2CN%3Biblock%2C20.0.1150%2CN%3Blanding%2C20.4.850%2CN%3Bmessageservice%2C20.100.0%2CN%3Bmobileapp%2C20.5.0%2CN%3Bperfmon%2C20.100.0%2CN%3Bphotogallery%2C20.5.0%2CN%3Bpull%2C20.5.300%2CN%3Breport%2C20.200.0%2CN%3Brest%2C20.50.150%2CN%3Bsale%2C20.5.43%2CN%3Bscale%2C20.5.0%2CN%3Bsearch%2C20.5.0%2CN%3Bsecurity%2C20.200.0%2CN%3Bsender%2C20.100.0%2CN%3Bseo%2C20.0.400%2CN%3Bsocialservices%2C20.0.500%2CN%3Bstoreassist%2C18.1.0%2CN%3Bsubscribe%2C20.5.0%2CN%3Btranslate%2C20.100.0%2CN%3Bui%2C20.5.887%2CN%3Bvote%2C20.100.100%2CN&reqm=bitrix.eshop%2Cbitrix.sitecorporate&fullmoduleinfo=Y&SUPD_SRS=RU&SUPD_CMP=N
2020-12-28 10:19:11 -  - exec CUpdateClientPartner::GetHTTPPage
2020-12-28 10:19:11 -  - TIME GetUpdatesList(request) 0.425 sec
2020-12-28 10:19:11 -  - exec CUpdateClientPartner::ParseServerData
2020-12-28 10:19:11 -  - exec CUpdateClientPartner::__CollectRequestData
2020-12-28 10:19:11 -  - exec CUpdateClientPartner::GetHTTPPage
2020-12-28 10:19:12 -  - exec CUpdateClientPartner::ParseServerData
2020-12-29 10:19:19 -  - exec CUpdateClientPartner::__CollectRequestData
2020-12-29 10:19:19 -  - exec CUpdateClientPartner::GetHTTPPage
2020-12-29 10:19:19 -  - exec CUpdateClientPartner::ParseServerData
2020-12-29 10:19:19 -  - exec CUpdateClientPartner::GetUpdatesList
2020-12-29 10:19:19 -  - exec CUpdateClientPartner::__CollectRequestData
2020-12-29 10:19:19 -  - utf=Y&lang=ru&stable=Y&CANGZIP=Y&SUPD_DBS=MYSQL&XE=N&CLIENT_SITE=bitrix.loc&LICENSE_KEY=X&SUPD_STS=1&SUPD_URS=0&SUPD_URSA=1&TYPENC=D&CLIENT_PHPVER=7.1.33&NGINX=Y&dbv=10.3.22&instm=main%2C20.200.300%2CY%3Babtest%2C20.5.0%2CN%3Bb24connector%2C20.5.0%2CN%3Bbitrix.eshop%2C20.5.0%2CN%3Bbitrix.sitecorporate%2C15.5.0%2CN%3Bbitrixcloud%2C20.5.0%2CN%3Bblog%2C20.100.100%2CN%3Bcatalog%2C20.0.500%2CN%3Bclouds%2C20.100.0%2CN%3Bconversion%2C20.5.0%2CN%3Bcurrency%2C20.5.0%2CN%3Bfileman%2C20.5.0%2CN%3Bform%2C20.100.0%2CN%3Bforum%2C20.5.0%2CN%3Bhighloadblock%2C20.100.0%2CN%3Biblock%2C20.0.1150%2CN%3Blanding%2C20.4.850%2CN%3Bmessageservice%2C20.100.0%2CN%3Bmobileapp%2C20.5.0%2CN%3Bperfmon%2C20.100.0%2CN%3Bphotogallery%2C20.5.0%2CN%3Bpull%2C20.5.300%2CN%3Breport%2C20.200.0%2CN%3Brest%2C20.50.150%2CN%3Bsale%2C20.5.43%2CN%3Bscale%2C20.5.0%2CN%3Bsearch%2C20.5.0%2CN%3Bsecurity%2C20.200.0%2CN%3Bsender%2C20.100.0%2CN%3Bseo%2C20.0.400%2CN%3Bsocialservices%2C20.0.500%2CN%3Bstoreassist%2C18.1.0%2CN%3Bsubscribe%2C20.5.0%2CN%3Btranslate%2C20.100.0%2CN%3Bui%2C20.5.887%2CN%3Bvote%2C20.100.100%2CN&reqm=bitrix.eshop%2Cbitrix.sitecorporate&fullmoduleinfo=Y&SUPD_SRS=RU&SUPD_CMP=N
2020-12-29 10:19:19 -  - exec CUpdateClientPartner::GetHTTPPage
2020-12-29 10:19:20 -  - TIME GetUpdatesList(request) 0.36 sec
2020-12-29 10:19:20 -  - exec CUpdateClientPartner::ParseServerData
2020-12-29 10:19:20 -  - exec CUpdateClientPartner::__CollectRequestData
2020-12-29 10:19:20 -  - exec CUpdateClientPartner::GetHTTPPage
2020-12-29 10:19:20 -  - exec CUpdateClientPartner::ParseServerData
2020-12-30 12:49:12 -  - exec CUpdateClientPartner::__CollectRequestData
2020-12-30 12:49:12 -  - exec CUpdateClientPartner::GetHTTPPage
2020-12-30 12:49:12 -  - exec CUpdateClientPartner::__CollectRequestData
2020-12-30 12:49:12 -  - exec CUpdateClientPartner::GetHTTPPage
2020-12-30 12:49:12 -  - exec CUpdateClientPartner::ParseServerData
2020-12-30 12:49:12 -  - exec CUpdateClientPartner::GetUpdatesList
2020-12-30 12:49:12 -  - exec CUpdateClientPartner::__CollectRequestData
2020-12-30 12:49:12 -  - utf=Y&lang=ru&stable=Y&CANGZIP=Y&SUPD_DBS=MYSQL&XE=N&CLIENT_SITE=bitrix.loc&LICENSE_KEY=X&SUPD_STS=1&SUPD_URS=0&SUPD_URSA=1&TYPENC=D&CLIENT_PHPVER=7.1.33&NGINX=Y&dbv=10.3.22&instm=main%2C20.200.300%2CY%3Babtest%2C20.5.0%2CN%3Bb24connector%2C20.5.0%2CN%3Bbitrix.eshop%2C20.5.0%2CN%3Bbitrix.sitecorporate%2C15.5.0%2CN%3Bbitrixcloud%2C20.5.0%2CN%3Bblog%2C20.100.100%2CN%3Bcatalog%2C20.0.500%2CN%3Bclouds%2C20.100.0%2CN%3Bconversion%2C20.5.0%2CN%3Bcurrency%2C20.5.0%2CN%3Bfileman%2C20.5.0%2CN%3Bform%2C20.100.0%2CN%3Bforum%2C20.5.0%2CN%3Bhighloadblock%2C20.100.0%2CN%3Biblock%2C20.0.1150%2CN%3Blanding%2C20.4.850%2CN%3Bmessageservice%2C20.100.0%2CN%3Bmobileapp%2C20.5.0%2CN%3Bperfmon%2C20.100.0%2CN%3Bphotogallery%2C20.5.0%2CN%3Bpull%2C20.5.300%2CN%3Breport%2C20.200.0%2CN%3Brest%2C20.50.150%2CN%3Bsale%2C20.5.43%2CN%3Bscale%2C20.5.0%2CN%3Bsearch%2C20.5.0%2CN%3Bsecurity%2C20.200.0%2CN%3Bsender%2C20.100.0%2CN%3Bseo%2C20.0.400%2CN%3Bsocialservices%2C20.0.500%2CN%3Bstoreassist%2C18.1.0%2CN%3Bsubscribe%2C20.5.0%2CN%3Btranslate%2C20.100.0%2CN%3Bui%2C20.5.887%2CN%3Bvote%2C20.100.100%2CN&reqm=bitrix.eshop%2Cbitrix.sitecorporate&fullmoduleinfo=Y&SUPD_SRS=RU&SUPD_CMP=N
2020-12-30 12:49:12 -  - exec CUpdateClientPartner::GetHTTPPage
2020-12-30 12:49:12 -  - exec CUpdateClientPartner::ParseServerData
2020-12-30 12:49:12 -  - exec CUpdateClientPartner::GetUpdatesList
2020-12-30 12:49:12 -  - exec CUpdateClientPartner::__CollectRequestData
2020-12-30 12:49:12 -  - utf=Y&lang=ru&stable=Y&CANGZIP=Y&SUPD_DBS=MYSQL&XE=N&CLIENT_SITE=bitrix.loc&LICENSE_KEY=X&SUPD_STS=1&SUPD_URS=0&SUPD_URSA=1&TYPENC=D&CLIENT_PHPVER=7.1.33&NGINX=Y&dbv=10.3.22&instm=main%2C20.200.300%2CY%3Babtest%2C20.5.0%2CN%3Bb24connector%2C20.5.0%2CN%3Bbitrix.eshop%2C20.5.0%2CN%3Bbitrix.sitecorporate%2C15.5.0%2CN%3Bbitrixcloud%2C20.5.0%2CN%3Bblog%2C20.100.100%2CN%3Bcatalog%2C20.0.500%2CN%3Bclouds%2C20.100.0%2CN%3Bconversion%2C20.5.0%2CN%3Bcurrency%2C20.5.0%2CN%3Bfileman%2C20.5.0%2CN%3Bform%2C20.100.0%2CN%3Bforum%2C20.5.0%2CN%3Bhighloadblock%2C20.100.0%2CN%3Biblock%2C20.0.1150%2CN%3Blanding%2C20.4.850%2CN%3Bmessageservice%2C20.100.0%2CN%3Bmobileapp%2C20.5.0%2CN%3Bperfmon%2C20.100.0%2CN%3Bphotogallery%2C20.5.0%2CN%3Bpull%2C20.5.300%2CN%3Breport%2C20.200.0%2CN%3Brest%2C20.50.150%2CN%3Bsale%2C20.5.43%2CN%3Bscale%2C20.5.0%2CN%3Bsearch%2C20.5.0%2CN%3Bsecurity%2C20.200.0%2CN%3Bsender%2C20.100.0%2CN%3Bseo%2C20.0.400%2CN%3Bsocialservices%2C20.0.500%2CN%3Bstoreassist%2C18.1.0%2CN%3Bsubscribe%2C20.5.0%2CN%3Btranslate%2C20.100.0%2CN%3Bui%2C20.5.887%2CN%3Bvote%2C20.100.100%2CN&reqm=bitrix.eshop%2Cbitrix.sitecorporate&fullmoduleinfo=Y&SUPD_SRS=RU&SUPD_CMP=N
2020-12-30 12:49:12 -  - exec CUpdateClientPartner::GetHTTPPage
2020-12-30 12:49:13 -  - TIME GetUpdatesList(request) 0.59 sec
2020-12-30 12:49:13 -  - exec CUpdateClientPartner::ParseServerData
2020-12-30 12:49:13 -  - exec CUpdateClientPartner::__CollectRequestData
2020-12-30 12:49:13 -  - exec CUpdateClientPartner::GetHTTPPage
2020-12-30 12:49:13 -  - exec CUpdateClientPartner::ParseServerData
2020-12-30 12:49:15 -  - TIME GetUpdatesList(request) 3.116 sec
2020-12-30 12:49:15 -  - exec CUpdateClientPartner::ParseServerData
2020-12-30 12:49:15 -  - exec CUpdateClientPartner::__CollectRequestData
2020-12-30 12:49:15 -  - exec CUpdateClientPartner::GetHTTPPage
2020-12-30 12:49:16 -  - exec CUpdateClientPartner::ParseServerData
